[debug] [2025-09-19T05:13:42.330Z] ----------------------------------------------------------------------
[debug] [2025-09-19T05:13:42.334Z] Command:       C:\Program Files\nodejs\node.exe C:\Users\admin\AppData\Roaming\npm\node_modules\firebase-tools\lib\bin\firebase.js init
[debug] [2025-09-19T05:13:42.335Z] CLI Version:   14.17.0
[debug] [2025-09-19T05:13:42.335Z] Platform:      win32
[debug] [2025-09-19T05:13:42.335Z] Node Version:  v20.18.0
[debug] [2025-09-19T05:13:42.335Z] Time:          Fri Sep 19 2025 10:43:42 GMT+0530 (India Standard Time)
[debug] [2025-09-19T05:13:42.335Z] ----------------------------------------------------------------------
[debug] 
[debug] [2025-09-19T05:13:42.338Z] >>> [apiv2][query] GET https://firebase-public.firebaseio.com/cli.json [none]
[debug] [2025-09-19T05:13:42.439Z] > command requires scopes: ["email","openid","https://www.googleapis.com/auth/cloudplatformprojects.readonly","https://www.googleapis.com/auth/firebase","https://www.googleapis.com/auth/cloud-platform"]
[debug] [2025-09-19T05:13:42.440Z] > authorizing via signed-in user (kathank.purohit@gmail.com)
[info] 
     ######## #### ########  ######## ########     ###     ######  ########
     ##        ##  ##     ## ##       ##     ##  ##   ##  ##       ##
     ######    ##  ########  ######   ########  #########  ######  ######
     ##        ##  ##    ##  ##       ##     ## ##     ##       ## ##
     ##       #### ##     ## ######## ########  ##     ##  ######  ########

You're about to initialize a Firebase project in this directory:

  C:\Users\admin\Desktop\FSD-INTERNALPRACTICAL\netflixclone

[debug] [2025-09-19T05:13:43.458Z] <<< [apiv2][status] GET https://firebase-public.firebaseio.com/cli.json 200
[debug] [2025-09-19T05:13:43.459Z] <<< [apiv2][body] GET https://firebase-public.firebaseio.com/cli.json {"cloudBuildErrorAfter":1594252800000,"cloudBuildWarnAfter":1590019200000,"defaultNode10After":1594252800000,"minVersion":"3.0.5","node8DeploysDisabledAfter":1613390400000,"node8RuntimeDisabledAfter":1615809600000,"node8WarnAfter":1600128000000}
[info] 
=== Project Setup
[info] 
[info] First, let's associate this project directory with a Firebase project.
[info] You can create multiple project aliases by running firebase use --add, 
[info] but for now we'll just set up a default project.
[info] 
[debug] [2025-09-19T05:14:07.151Z] Checked if tokens are valid: false, expires at: 1752410388000
[debug] [2025-09-19T05:14:07.151Z] Checked if tokens are valid: false, expires at: 1752410388000
[debug] [2025-09-19T05:14:07.152Z] > refreshing access token with scopes: []
[debug] [2025-09-19T05:14:07.152Z] >>> [apiv2][query] POST https://www.googleapis.com/oauth2/v3/token [none]
[debug] [2025-09-19T05:14:07.152Z] >>> [apiv2][body] POST https://www.googleapis.com/oauth2/v3/token [omitted]
[debug] [2025-09-19T05:14:07.478Z] <<< [apiv2][status] POST https://www.googleapis.com/oauth2/v3/token 200
[debug] [2025-09-19T05:14:07.478Z] <<< [apiv2][body] POST https://www.googleapis.com/oauth2/v3/token [omitted]
[debug] [2025-09-19T05:14:07.486Z] >>> [apiv2][query] GET https://firebase.googleapis.com/v1beta1/projects pageSize=100
[debug] [2025-09-19T05:14:08.337Z] <<< [apiv2][status] GET https://firebase.googleapis.com/v1beta1/projects 200
[debug] [2025-09-19T05:14:08.337Z] <<< [apiv2][body] GET https://firebase.googleapis.com/v1beta1/projects [omitted]
